<?xml version="1.0" encoding="UTF-8"?>
<!-- Generated by org.testng.reporters.JUnitXMLReporter -->
<testsuite hostname="DESKTOP-F5VV34L" name="Test" tests="9" failures="1" timestamp="25 Jun 2021 10:16:21 GMT" time="0.131" errors="0">
  <testcase name="tc20" time="0.021" classname="org.Frameworkday1.Frameworkday19Testngrerunautomatic"/>
  <testcase name="tc21" time="0.016" classname="org.Frameworkday1.Frameworkday19Testngrerunautomatic">
    <skipped/>
  </testcase> <!-- tc21 -->
  <testcase name="tc21" time="0.003" classname="org.Frameworkday1.Frameworkday19Testngrerunautomatic">
    <skipped/>
  </testcase> <!-- tc21 -->
  <testcase name="tc21" time="0.002" classname="org.Frameworkday1.Frameworkday19Testngrerunautomatic">
    <skipped/>
  </testcase> <!-- tc21 -->
  <testcase name="tc21" time="0.004" classname="org.Frameworkday1.Frameworkday19Testngrerunautomatic">
    <skipped/>
  </testcase> <!-- tc21 -->
  <testcase name="tc21" time="0.001" classname="org.Frameworkday1.Frameworkday19Testngrerunautomatic">
    <skipped/>
  </testcase> <!-- tc21 -->
  <testcase name="tc21" time="0.002" classname="org.Frameworkday1.Frameworkday19Testngrerunautomatic">
    <failure type="java.lang.AssertionError" message="expected [true] but found [false]">
      <![CDATA[java.lang.AssertionError: expected [true] but found [false]
	at org.Frameworkday1.Frameworkday19Testngrerunautomatic.tc21(Frameworkday19Testngrerunautomatic.java:19)
... Removed 29 stack frames]]>
    </failure>
  </testcase> <!-- tc21 -->
  <testcase name="tc22" time="0.005" classname="org.Frameworkday1.Frameworkday19Testngrerunautomatic"/>
  <testcase name="tc23" time="0.007" classname="org.Frameworkday1.Frameworkday19Testngrerunautomatic"/>
</testsuite> <!-- Test -->
