<?xml version="1.0" encoding="UTF-8"?>
<!-- Generated by org.testng.reporters.JUnitXMLReporter -->
<testsuite hostname="DESKTOP-F5VV34L" name="Test3" tests="3" failures="1" timestamp="22 Jun 2021 13:28:13 GMT" time="78.558" errors="0">
  <testcase name="tc0" time="8.694" classname="org.Frameworkday1.Frameworkday18Parallelexecutiontestlevel"/>
  <testcase name="tc10" time="8.755" classname="org.Frameworkday1.Frameworkday18Parallelexecutiontestlevel"/>
  <testcase name="tc30" time="61.071" classname="org.Frameworkday1.Frameworkday18Parallelexecutiontestlevel">
    <failure type="org.openqa.selenium.WebDriverException" message="unknown error: DevToolsActivePort file doesn&amp;apos;t exist
Build info: version: &amp;apos;3.141.59&amp;apos;, revision: &amp;apos;e82be7d358&amp;apos;, time: &amp;apos;2018-11-14T08:17:03&amp;apos;
System info: host: &amp;apos;DESKTOP-F5VV34L&amp;apos;, ip: &amp;apos;192.168.0.15&amp;apos;, os.name: &amp;apos;Windows 10&amp;apos;, os.arch: &amp;apos;amd64&amp;apos;, os.version: &amp;apos;10.0&amp;apos;, java.version: &amp;apos;1.8.0_291&amp;apos;
Driver info: driver.version: ChromeDriver
remote stacktrace: Backtrace:
	Ordinal0 [0x00AEC013+2474003]
	Ordinal0 [0x00A829C1+2042305]
	Ordinal0 [0x00992F68+1060712]
	Ordinal0 [0x009AD7D9+1169369]
	Ordinal0 [0x009AAA83+1157763]
	Ordinal0 [0x009DA2A2+1352354]
	Ordinal0 [0x009D8FAA+1347498]
	Ordinal0 [0x009D66DB+1337051]
	Ordinal0 [0x009B3427+1192999]
	Ordinal0 [0x009B42EE+1196782]
	Ordinal0 [0x009B4279+1196665]
	GetHandleVerifier [0x00C796FC+1590332]
	GetHandleVerifier [0x00D28614+2306900]
	GetHandleVerifier [0x00B79E93+543699]
	GetHandleVerifier [0x00B792CE+540686]
	Ordinal0 [0x00A886BA+2066106]
	Ordinal0 [0x00A8D1C8+2085320]
	Ordinal0 [0x00A8D308+2085640]
	Ordinal0 [0x00A967F3+2123763]
	BaseThreadInitThunk [0x76B7FA29+25]
	RtlGetAppContainerNamedObjectPath [0x77817A7E+286]
	RtlGetAppContainerNamedObjectPath [0x77817A4E+238]
">
      <![CDATA[org.openqa.selenium.WebDriverException: unknown error: DevToolsActivePort file doesn't exist
Build info: version: '3.141.59', revision: 'e82be7d358', time: '2018-11-14T08:17:03'
System info: host: 'DESKTOP-F5VV34L', ip: '192.168.0.15', os.name: 'Windows 10', os.arch: 'amd64', os.version: '10.0', java.version: '1.8.0_291'
Driver info: driver.version: ChromeDriver
remote stacktrace: Backtrace:
	Ordinal0 [0x00AEC013+2474003]
	Ordinal0 [0x00A829C1+2042305]
	Ordinal0 [0x00992F68+1060712]
	Ordinal0 [0x009AD7D9+1169369]
	Ordinal0 [0x009AAA83+1157763]
	Ordinal0 [0x009DA2A2+1352354]
	Ordinal0 [0x009D8FAA+1347498]
	Ordinal0 [0x009D66DB+1337051]
	Ordinal0 [0x009B3427+1192999]
	Ordinal0 [0x009B42EE+1196782]
	Ordinal0 [0x009B4279+1196665]
	GetHandleVerifier [0x00C796FC+1590332]
	GetHandleVerifier [0x00D28614+2306900]
	GetHandleVerifier [0x00B79E93+543699]
	GetHandleVerifier [0x00B792CE+540686]
	Ordinal0 [0x00A886BA+2066106]
	Ordinal0 [0x00A8D1C8+2085320]
	Ordinal0 [0x00A8D308+2085640]
	Ordinal0 [0x00A967F3+2123763]
	BaseThreadInitThunk [0x76B7FA29+25]
	RtlGetAppContainerNamedObjectPath [0x77817A7E+286]
	RtlGetAppContainerNamedObjectPath [0x77817A4E+238]

	at org.openqa.selenium.remote.W3CHandshakeResponse.lambda$errorHandler$0(W3CHandshakeResponse.java:62)
	at org.openqa.selenium.remote.HandshakeResponse.lambda$getResponseFunction$0(HandshakeResponse.java:30)
	at org.openqa.selenium.remote.ProtocolHandshake.lambda$createSession$0(ProtocolHandshake.java:126)
	at java.util.stream.ReferencePipeline$3$1.accept(Unknown Source)
	at java.util.Spliterators$ArraySpliterator.tryAdvance(Unknown Source)
	at java.util.stream.ReferencePipeline.forEachWithCancel(Unknown Source)
	at java.util.stream.AbstractPipeline.copyIntoWithCancel(Unknown Source)
	at java.util.stream.AbstractPipeline.copyInto(Unknown Source)
	at java.util.stream.AbstractPipeline.wrapAndCopyInto(Unknown Source)
	at java.util.stream.FindOps$FindOp.evaluateSequential(Unknown Source)
	at java.util.stream.AbstractPipeline.evaluate(Unknown Source)
	at java.util.stream.ReferencePipeline.findFirst(Unknown Source)
	at org.openqa.selenium.remote.ProtocolHandshake.createSession(ProtocolHandshake.java:128)
	at org.openqa.selenium.remote.ProtocolHandshake.createSession(ProtocolHandshake.java:74)
	at org.openqa.selenium.remote.HttpCommandExecutor.execute(HttpCommandExecutor.java:136)
	at org.openqa.selenium.remote.service.DriverCommandExecutor.execute(DriverCommandExecutor.java:83)
	at org.openqa.selenium.remote.RemoteWebDriver.execute(RemoteWebDriver.java:552)
	at org.openqa.selenium.remote.RemoteWebDriver.startSession(RemoteWebDriver.java:213)
	at org.openqa.selenium.remote.RemoteWebDriver.<init>(RemoteWebDriver.java:131)
	at org.openqa.selenium.chrome.ChromeDriver.<init>(ChromeDriver.java:181)
	at org.openqa.selenium.chrome.ChromeDriver.<init>(ChromeDriver.java:168)
	at org.openqa.selenium.chrome.ChromeDriver.<init>(ChromeDriver.java:123)
	at org.Frameworkday1.Frameworkday18Parallelexecutiontestlevel.tc30(Frameworkday18Parallelexecutiontestlevel.java:32)
... Removed 29 stack frames]]>
    </failure>
  </testcase> <!-- tc30 -->
</testsuite> <!-- Test3 -->
